<?xml version="1.0" encoding="UTF-8"?>
<!-- Generated by org.testng.reporters.JUnitXMLReporter -->
<testsuite ignored="0" hostname="Elvons-Library" failures="0" tests="4" name="Default test" time="0.126" errors="0" timestamp="2023-09-20T15:00:05 WAT">
  <testcase classname="test.day3" name="APILoginHome" time="0.02"/>
  <testcase classname="test.day3" name="mobileLoginHome" time="0.003"/>
  <testcase classname="test.day3" name="mobileSignoutHome" time="0.001"/>
  <testcase classname="test.day3" name="mobileSignupHome" time="0.001"/>
</testsuite> <!-- Default test -->
