<?xml version="1.0" encoding="UTF-8"?>
<!-- Generated by org.testng.reporters.JUnitXMLReporter -->
<testsuite ignored="3" hostname="Elvons-Library" failures="0" tests="1" name="Car Loan" time="0.017" errors="0" timestamp="2023-09-26T15:18:47 WAT">
  <testcase classname="test.day3" name="APILoginHome" time="0.004"/>
  <testcase classname="test.day3" name="mobileSignoutHome" time="0.0">
    <ignored/>
  </testcase> <!-- mobileSignoutHome -->
  <testcase classname="test.day3" name="mobileLoginHome" time="0.0">
    <ignored/>
  </testcase> <!-- mobileLoginHome -->
  <testcase classname="test.day3" name="mobileSignupHome" time="0.0">
    <ignored/>
  </testcase> <!-- mobileSignupHome -->
</testsuite> <!-- Car Loan -->
