<?xml version="1.0" encoding="UTF-8"?>
<!-- Generated by org.testng.reporters.JUnitXMLReporter -->
<testsuite ignored="1" hostname="Elvons-Library" failures="0" tests="5" name="Print screen" time="0.133" errors="0" timestamp="2023-09-26T15:18:47 WAT">
  <testcase classname="test.day1" name="Demo2" time="0.01"/>
  <testcase classname="test.day2" name="payLoan" time="0.003"/>
  <testcase classname="test.day4" name="APILoginCar" time="0.005"/>
  <testcase classname="test.day4" name="mobileLoginCar" time="0.003"/>
  <testcase classname="test.day4" name="webLoginCar" time="0.002"/>
  <testcase classname="test.day1" name="Demo" time="0.0">
    <ignored/>
  </testcase> <!-- Demo -->
</testsuite> <!-- Print screen -->
