<?xml version="1.0" encoding="UTF-8"?>
<!-- Generated by org.testng.reporters.JUnitXMLReporter -->
<testsuite ignored="7" hostname="Elvons-Library" failures="0" tests="3" name="Regression" time="0.117" errors="0" timestamp="2023-09-26T15:53:54 WAT">
  <testcase classname="test.day2" name="payLoan" time="0.016"/>
  <testcase classname="test.day3" name="mobileSignupHome" time="0.004"/>
  <testcase classname="test.day4" name="mobileLoginCar" time="0.002"/>
  <testcase classname="test.day4" name="webLoginCar" time="0.0">
    <ignored/>
  </testcase> <!-- webLoginCar -->
  <testcase classname="test.day3" name="APILoginHome" time="0.0">
    <ignored/>
  </testcase> <!-- APILoginHome -->
  <testcase classname="test.day3" name="mobileSignoutHome" time="0.0">
    <ignored/>
  </testcase> <!-- mobileSignoutHome -->
  <testcase classname="test.day3" name="mobileLoginHome" time="0.0">
    <ignored/>
  </testcase> <!-- mobileLoginHome -->
  <testcase classname="test.day4" name="APILoginCar" time="0.0">
    <ignored/>
  </testcase> <!-- APILoginCar -->
  <testcase classname="test.day1" name="Demo2" time="0.0">
    <ignored/>
  </testcase> <!-- Demo2 -->
  <testcase classname="test.day1" name="Demo" time="0.0">
    <ignored/>
  </testcase> <!-- Demo -->
</testsuite> <!-- Regression -->
