<?xml version="1.0" encoding="UTF-8"?>
<testng-results ignored="0" total="10" passed="10" failed="0" skipped="0">
  <reporter-output>
  </reporter-output>
  <suite started-at="2023-09-26T15:55:13 WAT" name="Suite" finished-at="2023-09-26T15:55:13 WAT" duration-ms="173">
    <groups>
      <group name="Smoke">
        <method signature="day2.payLoan()[pri:0, instance:test.day2@10163d6]" name="payLoan" class="test.day2"/>
        <method signature="day3.mobileSignupHome()[pri:0, instance:test.day3@2dde1bff]" name="mobileSignupHome" class="test.day3"/>
        <method signature="day4.mobileLoginCar()[pri:0, instance:test.day4@5f9b2141]" name="mobileLoginCar" class="test.day4"/>
      </group> <!-- Smoke -->
    </groups>
    <test started-at="2023-09-26T15:55:13 WAT" name="Print screen" finished-at="2023-09-26T15:55:13 WAT" duration-ms="173">
      <class name="test.day4">
        <test-method is-config="true" signature="bfmethod()[pri:0, instance:test.day4@5f9b2141]" started-at="2023-09-26T15:55:13 WAT" name="bfmethod" finished-at="2023-09-26T15:55:13 WAT" duration-ms="1" status="PASS">
          <reporter-output>
          </reporter-output>
        </test-method> <!-- bfmethod -->
        <test-method signature="APILoginCar()[pri:0, instance:test.day4@5f9b2141]" started-at="2023-09-26T15:55:13 WAT" name="APILoginCar" finished-at="2023-09-26T15:55:13 WAT" duration-ms="2" status="PASS">
          <reporter-output>
          </reporter-output>
        </test-method> <!-- APILoginCar -->
        <test-method is-config="true" signature="afMethod()[pri:0, instance:test.day4@5f9b2141]" started-at="2023-09-26T15:55:13 WAT" name="afMethod" finished-at="2023-09-26T15:55:13 WAT" duration-ms="1" status="PASS">
          <reporter-output>
          </reporter-output>
        </test-method> <!-- afMethod -->
        <test-method signature="mobileLoginCar()[pri:0, instance:test.day4@5f9b2141]" started-at="2023-09-26T15:55:13 WAT" name="mobileLoginCar" finished-at="2023-09-26T15:55:13 WAT" duration-ms="3" status="PASS">
          <reporter-output>
          </reporter-output>
        </test-method> <!-- mobileLoginCar -->
        <test-method is-config="true" signature="bfmethod()[pri:0, instance:test.day4@5f9b2141]" started-at="2023-09-26T15:55:13 WAT" name="bfmethod" finished-at="2023-09-26T15:55:13 WAT" duration-ms="0" status="PASS">
          <reporter-output>
          </reporter-output>
        </test-method> <!-- bfmethod -->
        <test-method is-config="true" signature="afMethod()[pri:0, instance:test.day4@5f9b2141]" started-at="2023-09-26T15:55:13 WAT" name="afMethod" finished-at="2023-09-26T15:55:13 WAT" duration-ms="1" status="PASS">
          <reporter-output>
          </reporter-output>
        </test-method> <!-- afMethod -->
        <test-method is-config="true" signature="bfmethod()[pri:0, instance:test.day4@5f9b2141]" started-at="2023-09-26T15:55:13 WAT" name="bfmethod" finished-at="2023-09-26T15:55:13 WAT" duration-ms="1" status="PASS">
          <reporter-output>
          </reporter-output>
        </test-method> <!-- bfmethod -->
        <test-method signature="webLoginCar()[pri:0, instance:test.day4@5f9b2141]" started-at="2023-09-26T15:55:13 WAT" name="webLoginCar" finished-at="2023-09-26T15:55:13 WAT" duration-ms="4" status="PASS">
          <reporter-output>
          </reporter-output>
        </test-method> <!-- webLoginCar -->
        <test-method is-config="true" signature="afMethod()[pri:0, instance:test.day4@5f9b2141]" started-at="2023-09-26T15:55:13 WAT" name="afMethod" finished-at="2023-09-26T15:55:13 WAT" duration-ms="0" status="PASS">
          <reporter-output>
          </reporter-output>
        </test-method> <!-- afMethod -->
      </class> <!-- test.day4 -->
      <class name="test.day2">
        <test-method is-config="true" signature="prerequisite()[pri:0, instance:test.day2@10163d6]" started-at="2023-09-26T15:55:13 WAT" name="prerequisite" finished-at="2023-09-26T15:55:13 WAT" duration-ms="1" status="PASS">
          <reporter-output>
          </reporter-output>
        </test-method> <!-- prerequisite -->
        <test-method signature="payLoan()[pri:0, instance:test.day2@10163d6]" started-at="2023-09-26T15:55:13 WAT" name="payLoan" finished-at="2023-09-26T15:55:13 WAT" duration-ms="1" status="PASS">
          <reporter-output>
          </reporter-output>
        </test-method> <!-- payLoan -->
      </class> <!-- test.day2 -->
      <class name="test.day3">
        <test-method is-config="true" signature="bfsuite()[pri:0, instance:test.day3@2dde1bff]" started-at="2023-09-26T15:55:13 WAT" name="bfsuite" finished-at="2023-09-26T15:55:13 WAT" duration-ms="12" status="PASS">
          <reporter-output>
          </reporter-output>
        </test-method> <!-- bfsuite -->
        <test-method is-config="true" signature="bfClass()[pri:0, instance:test.day3@2dde1bff]" started-at="2023-09-26T15:55:13 WAT" name="bfClass" finished-at="2023-09-26T15:55:13 WAT" duration-ms="4" status="PASS">
          <reporter-output>
          </reporter-output>
        </test-method> <!-- bfClass -->
        <test-method signature="APILoginHome()[pri:0, instance:test.day3@2dde1bff]" started-at="2023-09-26T15:55:13 WAT" name="APILoginHome" finished-at="2023-09-26T15:55:13 WAT" duration-ms="3" status="PASS">
          <reporter-output>
          </reporter-output>
        </test-method> <!-- APILoginHome -->
        <test-method signature="mobileLoginHome()[pri:0, instance:test.day3@2dde1bff]" started-at="2023-09-26T15:55:13 WAT" name="mobileLoginHome" finished-at="2023-09-26T15:55:13 WAT" duration-ms="3" status="PASS">
          <reporter-output>
          </reporter-output>
        </test-method> <!-- mobileLoginHome -->
        <test-method signature="mobileSignoutHome()[pri:0, instance:test.day3@2dde1bff]" started-at="2023-09-26T15:55:13 WAT" name="mobileSignoutHome" finished-at="2023-09-26T15:55:13 WAT" duration-ms="2" status="PASS">
          <reporter-output>
          </reporter-output>
        </test-method> <!-- mobileSignoutHome -->
        <test-method signature="mobileSignupHome()[pri:0, instance:test.day3@2dde1bff]" started-at="2023-09-26T15:55:13 WAT" name="mobileSignupHome" finished-at="2023-09-26T15:55:13 WAT" duration-ms="2" status="PASS">
          <reporter-output>
          </reporter-output>
        </test-method> <!-- mobileSignupHome -->
        <test-method is-config="true" signature="afClass()[pri:0, instance:test.day3@2dde1bff]" started-at="2023-09-26T15:55:13 WAT" name="afClass" finished-at="2023-09-26T15:55:13 WAT" duration-ms="6" status="PASS">
          <reporter-output>
          </reporter-output>
        </test-method> <!-- afClass -->
      </class> <!-- test.day3 -->
      <class name="test.day1">
        <test-method signature="Demo()[pri:0, instance:test.day1@a2431d0]" started-at="2023-09-26T15:55:13 WAT" name="Demo" finished-at="2023-09-26T15:55:13 WAT" duration-ms="7" status="PASS">
          <reporter-output>
          </reporter-output>
        </test-method> <!-- Demo -->
        <test-method signature="Demo2()[pri:0, instance:test.day1@a2431d0]" started-at="2023-09-26T15:55:13 WAT" name="Demo2" finished-at="2023-09-26T15:55:13 WAT" duration-ms="5" status="PASS">
          <reporter-output>
          </reporter-output>
        </test-method> <!-- Demo2 -->
        <test-method is-config="true" signature="closeBrowser()[pri:0, instance:test.day1@a2431d0]" started-at="2023-09-26T15:55:13 WAT" name="closeBrowser" finished-at="2023-09-26T15:55:13 WAT" duration-ms="2" status="PASS">
          <reporter-output>
          </reporter-output>
        </test-method> <!-- closeBrowser -->
        <test-method is-config="true" signature="afsuite()[pri:0, instance:test.day1@a2431d0]" started-at="2023-09-26T15:55:13 WAT" name="afsuite" finished-at="2023-09-26T15:55:13 WAT" duration-ms="1" status="PASS">
          <reporter-output>
          </reporter-output>
        </test-method> <!-- afsuite -->
      </class> <!-- test.day1 -->
    </test> <!-- Print screen -->
  </suite> <!-- Suite -->
</testng-results>
