<?xml version="1.0" encoding="UTF-8"?>
<testng-results ignored="4" total="10" passed="6" failed="0" skipped="0">
  <reporter-output>
  </reporter-output>
  <suite started-at="2023-09-26T15:18:47 WAT" name="Suite" finished-at="2023-09-26T15:18:47 WAT" duration-ms="270">
    <groups>
    </groups>
    <test started-at="2023-09-26T15:18:47 WAT" name="Print screen" finished-at="2023-09-26T15:18:47 WAT" duration-ms="133">
      <class name="test.day4">
        <test-method is-config="true" signature="bfmethod()[pri:0, instance:test.day4@1e6454ec]" started-at="2023-09-26T15:18:47 WAT" name="bfmethod" finished-at="2023-09-26T15:18:47 WAT" duration-ms="2" status="PASS">
          <reporter-output>
          </reporter-output>
        </test-method> <!-- bfmethod -->
        <test-method signature="APILoginCar()[pri:0, instance:test.day4@1e6454ec]" started-at="2023-09-26T15:18:47 WAT" name="APILoginCar" finished-at="2023-09-26T15:18:47 WAT" duration-ms="5" status="PASS">
          <reporter-output>
          </reporter-output>
        </test-method> <!-- APILoginCar -->
        <test-method is-config="true" signature="afMethod()[pri:0, instance:test.day4@1e6454ec]" started-at="2023-09-26T15:18:47 WAT" name="afMethod" finished-at="2023-09-26T15:18:47 WAT" duration-ms="3" status="PASS">
          <reporter-output>
          </reporter-output>
        </test-method> <!-- afMethod -->
        <test-method is-config="true" signature="bfmethod()[pri:0, instance:test.day4@1e6454ec]" started-at="2023-09-26T15:18:47 WAT" name="bfmethod" finished-at="2023-09-26T15:18:47 WAT" duration-ms="2" status="PASS">
          <reporter-output>
          </reporter-output>
        </test-method> <!-- bfmethod -->
        <test-method signature="mobileLoginCar()[pri:0, instance:test.day4@1e6454ec]" started-at="2023-09-26T15:18:47 WAT" name="mobileLoginCar" finished-at="2023-09-26T15:18:47 WAT" duration-ms="3" status="PASS">
          <reporter-output>
          </reporter-output>
        </test-method> <!-- mobileLoginCar -->
        <test-method is-config="true" signature="afMethod()[pri:0, instance:test.day4@1e6454ec]" started-at="2023-09-26T15:18:47 WAT" name="afMethod" finished-at="2023-09-26T15:18:47 WAT" duration-ms="0" status="PASS">
          <reporter-output>
          </reporter-output>
        </test-method> <!-- afMethod -->
        <test-method is-config="true" signature="bfmethod()[pri:0, instance:test.day4@1e6454ec]" started-at="2023-09-26T15:18:47 WAT" name="bfmethod" finished-at="2023-09-26T15:18:47 WAT" duration-ms="1" status="PASS">
          <reporter-output>
          </reporter-output>
        </test-method> <!-- bfmethod -->
        <test-method signature="webLoginCar()[pri:0, instance:test.day4@1e6454ec]" started-at="2023-09-26T15:18:47 WAT" name="webLoginCar" finished-at="2023-09-26T15:18:47 WAT" duration-ms="2" status="PASS">
          <reporter-output>
          </reporter-output>
        </test-method> <!-- webLoginCar -->
        <test-method is-config="true" signature="afMethod()[pri:0, instance:test.day4@1e6454ec]" started-at="2023-09-26T15:18:47 WAT" name="afMethod" finished-at="2023-09-26T15:18:47 WAT" duration-ms="1" status="PASS">
          <reporter-output>
          </reporter-output>
        </test-method> <!-- afMethod -->
      </class> <!-- test.day4 -->
      <class name="test.day2">
        <test-method is-config="true" signature="prerequisite()[pri:0, instance:test.day2@cad498c]" started-at="2023-09-26T15:18:47 WAT" name="prerequisite" finished-at="2023-09-26T15:18:47 WAT" duration-ms="0" status="PASS">
          <reporter-output>
          </reporter-output>
        </test-method> <!-- prerequisite -->
        <test-method signature="payLoan()[pri:0, instance:test.day2@cad498c]" started-at="2023-09-26T15:18:47 WAT" name="payLoan" finished-at="2023-09-26T15:18:47 WAT" duration-ms="3" status="PASS">
          <reporter-output>
          </reporter-output>
        </test-method> <!-- payLoan -->
      </class> <!-- test.day2 -->
      <class name="test.day1">
        <test-method signature="Demo2()[pri:0, instance:test.day1@1ba9117e]" started-at="2023-09-26T15:18:47 WAT" name="Demo2" finished-at="2023-09-26T15:18:47 WAT" duration-ms="10" status="PASS">
          <reporter-output>
          </reporter-output>
        </test-method> <!-- Demo2 -->
        <test-method is-config="true" signature="closeBrowser()[pri:0, instance:test.day1@1ba9117e]" started-at="2023-09-26T15:18:47 WAT" name="closeBrowser" finished-at="2023-09-26T15:18:47 WAT" duration-ms="1" status="PASS">
          <reporter-output>
          </reporter-output>
        </test-method> <!-- closeBrowser -->
      </class> <!-- test.day1 -->
    </test> <!-- Print screen -->
    <test started-at="2023-09-26T15:18:47 WAT" name="Car Loan" finished-at="2023-09-26T15:18:47 WAT" duration-ms="17">
      <class name="test.day3">
        <test-method is-config="true" signature="bfsuite()[pri:0, instance:test.day3@57d7f8ca]" started-at="2023-09-26T15:18:47 WAT" name="bfsuite" finished-at="2023-09-26T15:18:47 WAT" duration-ms="15" status="PASS">
          <reporter-output>
          </reporter-output>
        </test-method> <!-- bfsuite -->
        <test-method is-config="true" signature="bfClass()[pri:0, instance:test.day3@57d7f8ca]" started-at="2023-09-26T15:18:47 WAT" name="bfClass" finished-at="2023-09-26T15:18:47 WAT" duration-ms="4" status="PASS">
          <reporter-output>
          </reporter-output>
        </test-method> <!-- bfClass -->
        <test-method signature="APILoginHome()[pri:0, instance:test.day3@57d7f8ca]" started-at="2023-09-26T15:18:47 WAT" name="APILoginHome" finished-at="2023-09-26T15:18:47 WAT" duration-ms="4" status="PASS">
          <reporter-output>
          </reporter-output>
        </test-method> <!-- APILoginHome -->
        <test-method is-config="true" signature="afClass()[pri:0, instance:test.day3@57d7f8ca]" started-at="2023-09-26T15:18:47 WAT" name="afClass" finished-at="2023-09-26T15:18:47 WAT" duration-ms="1" status="PASS">
          <reporter-output>
          </reporter-output>
        </test-method> <!-- afClass -->
      </class> <!-- test.day3 -->
      <class name="test.day1">
        <test-method is-config="true" signature="afsuite()[pri:0, instance:test.day1@1ba9117e]" started-at="2023-09-26T15:18:47 WAT" name="afsuite" finished-at="2023-09-26T15:18:47 WAT" duration-ms="7" status="PASS">
          <reporter-output>
          </reporter-output>
        </test-method> <!-- afsuite -->
      </class> <!-- test.day1 -->
    </test> <!-- Car Loan -->
  </suite> <!-- Suite -->
</testng-results>
